<?xml version="1.0" encoding="UTF-8"?>
<testng-results ignored="0" total="1" passed="1" failed="0" skipped="0">
  <reporter-output>
  </reporter-output>
  <suite started-at="2024-02-13T13:06:48 CET" name="Default suite" finished-at="2024-02-13T13:06:49 CET" duration-ms="803">
    <groups>
    </groups>
    <test started-at="2024-02-13T13:06:48 CET" name="Default test" finished-at="2024-02-13T13:06:49 CET" duration-ms="803">
      <class name="httpClientAPIs.GetUserAPI">
        <test-method signature="getUserTest()[pri:0, instance:httpClientAPIs.GetUserAPI@184cf7cf]" started-at="2024-02-13T13:06:48 CET" name="getUserTest" finished-at="2024-02-13T13:06:49 CET" duration-ms="765" status="PASS">
          <reporter-output>
          </reporter-output>
        </test-method> <!-- getUserTest -->
      </class> <!-- httpClientAPIs.GetUserAPI -->
    </test> <!-- Default test -->
  </suite> <!-- Default suite -->
</testng-results>
