<?xml version="1.0" encoding="UTF-8"?>
<testng-results ignored="0" total="1" passed="1" failed="0" skipped="0">
  <reporter-output>
  </reporter-output>
  <suite started-at="2024-02-15T11:04:41 CET" name="Default suite" finished-at="2024-02-15T11:04:43 CET" duration-ms="1369">
    <groups>
    </groups>
    <test started-at="2024-02-15T11:04:41 CET" name="Default test" finished-at="2024-02-15T11:04:43 CET" duration-ms="1369">
      <class name="httpClientAPIs.PostUserAPI">
        <test-method signature="createUserAPITest()[pri:0, instance:httpClientAPIs.PostUserAPI@45b9a632]" started-at="2024-02-15T11:04:41 CET" name="createUserAPITest" finished-at="2024-02-15T11:04:43 CET" duration-ms="1341" status="PASS">
          <reporter-output>
          </reporter-output>
        </test-method> <!-- createUserAPITest -->
      </class> <!-- httpClientAPIs.PostUserAPI -->
    </test> <!-- Default test -->
  </suite> <!-- Default suite -->
</testng-results>
